e:\mygithub\avplayer\debug\avplayercore.lib
e:\mygithub\avplayer\debug\avplayercore.exp
e:\mygithub\avplayer\avplayercore\debug\avplayercore.pch
e:\mygithub\avplayer\avplayercore\debug\vc140.pdb
e:\mygithub\avplayer\avplayercore\debug\vc140.idb
e:\mygithub\avplayer\avplayercore\debug\stdafx.obj
e:\mygithub\avplayer\avplayercore\debug\avplayer.obj
e:\mygithub\avplayer\avplayercore\debug\clockmgr.obj
e:\mygithub\avplayer\avplayercore\debug\d3drender.obj
e:\mygithub\avplayer\avplayercore\debug\ffmpegdecoder.obj
e:\mygithub\avplayer\avplayercore\debug\glrender.obj
e:\mygithub\avplayer\avplayercore\debug\sdlrender.obj
e:\mygithub\avplayer\avplayercore\debug\sdlsound.obj
e:\mygithub\avplayer\avplayercore\debug\decoderfactory.obj
e:\mygithub\avplayer\avplayercore\debug\avplayerimpl.obj
e:\mygithub\avplayer\avplayercore\debug\dllmain.obj
e:\mygithub\avplayer\avplayercore\debug\renderfactory.obj
e:\mygithub\avplayer\avplayercore\debug\audioplayer.obj
e:\mygithub\avplayer\avplayercore\debug\videoplayer.obj
e:\mygithub\avplayer\avplayercore\debug\soundfactory.obj
e:\mygithub\avplayer\debug\avplayercore.ilk
e:\mygithub\avplayer\debug\avplayercore.dll
e:\mygithub\avplayer\debug\avplayercore.pdb
e:\mygithub\avplayer\avplayercore\debug\avplayercore.tlog\avplayercore.write.1u.tlog
e:\mygithub\avplayer\avplayercore\debug\avplayercore.tlog\cl.command.1.tlog
e:\mygithub\avplayer\avplayercore\debug\avplayercore.tlog\cl.read.1.tlog
e:\mygithub\avplayer\avplayercore\debug\avplayercore.tlog\cl.write.1.tlog
e:\mygithub\avplayer\avplayercore\debug\avplayercore.tlog\link.command.1.tlog
e:\mygithub\avplayer\avplayercore\debug\avplayercore.tlog\link.read.1.tlog
e:\mygithub\avplayer\avplayercore\debug\avplayercore.tlog\link.write.1.tlog
