e:\workprojects\work\trunk\src\avplayer\avplayercore\release\avplayercore.lib
e:\workprojects\work\trunk\src\avplayer\avplayercore\release\avplayercore.exp
e:\workprojects\work\trunk\src\avplayer\avplayercore\avplayercore\release\avplayercore.pch
e:\workprojects\work\trunk\src\avplayer\avplayercore\avplayercore\release\vc140.pdb
e:\workprojects\work\trunk\src\avplayer\avplayercore\avplayercore\release\stdafx.obj
e:\workprojects\work\trunk\src\avplayer\avplayercore\avplayercore\release\videoplayer.obj
e:\workprojects\work\trunk\src\avplayer\avplayercore\avplayercore\release\avplayerdll.obj
e:\workprojects\work\trunk\src\avplayer\avplayercore\avplayercore\release\avplayercore.obj
e:\workprojects\work\trunk\src\avplayer\avplayercore\avplayercore\release\avplayer.obj
e:\workprojects\work\trunk\src\avplayer\avplayercore\avplayercore\release\audioplayer.obj
e:\workprojects\work\trunk\src\avplayer\avplayercore\avplayercore\release\dllmain.obj
e:\workprojects\work\trunk\src\avplayer\avplayercore\release\avplayercore.dll
e:\workprojects\work\trunk\src\avplayer\avplayercore\release\avplayercore.ipdb
e:\workprojects\work\trunk\src\avplayer\avplayercore\release\avplayercore.iobj
e:\workprojects\work\trunk\src\avplayer\avplayercore\release\avplayercore.pdb
e:\workprojects\work\trunk\src\avplayer\avplayercore\avplayercore\release\avplayercore.tlog\avplayercore.write.1u.tlog
e:\workprojects\work\trunk\src\avplayer\avplayercore\avplayercore\release\avplayercore.tlog\cl.command.1.tlog
e:\workprojects\work\trunk\src\avplayer\avplayercore\avplayercore\release\avplayercore.tlog\cl.read.1.tlog
e:\workprojects\work\trunk\src\avplayer\avplayercore\avplayercore\release\avplayercore.tlog\cl.write.1.tlog
e:\workprojects\work\trunk\src\avplayer\avplayercore\avplayercore\release\avplayercore.tlog\link.command.1.tlog
e:\workprojects\work\trunk\src\avplayer\avplayercore\avplayercore\release\avplayercore.tlog\link.read.1.tlog
e:\workprojects\work\trunk\src\avplayer\avplayercore\avplayercore\release\avplayercore.tlog\link.write.1.tlog
